{
  "RSpec": {
    "coverage": {
      "/app/app/helpers/application_helper.rb": {
        "lines": [
          null,
          null,
          1,
          null
        ],
        "branches": {
        }
      },
      "/app/app/models/project.rb": {
        "lines": [
          null,
          null,
          1,
          null,
          1,
          1,
          1,
          1,
          32,
          1,
          null,
          1,
          null,
          1,
          22,
          22,
          null,
          null
        ],
        "branches": {
          "[:until, 0, 16, 4, 16, 103]": {
            "[:body, 1, 16, 4, 16, 47]": 8
          }
        }
      },
      "/app/lib/phrase_identifier.rb": {
        "lines": [
          null,
          null,
          1,
          1,
          3,
          null,
          null
        ],
        "branches": {
        }
      },
      "/app/app/models/application_record.rb": {
        "lines": [
          null,
          null,
          1,
          1,
          null
        ],
        "branches": {
        }
      },
      "/app/app/concepts/project/operation/create_remix.rb": {
        "lines": [
          null,
          null,
          1,
          1,
          1,
          1,
          null,
          1,
          10,
          null,
          10,
          10,
          null,
          8,
          7,
          null,
          null,
          1,
          1,
          null,
          1,
          10,
          10,
          null,
          null,
          1,
          8,
          null,
          7,
          null,
          7,
          7,
          null,
          null,
          1,
          7,
          7,
          7,
          7,
          null,
          null,
          null,
          null,
          null,
          null
        ],
        "branches": {
          "[:if, 0, 12, 8, 12, 44]": {
            "[:then, 1, 12, 8, 12, 23]": 2,
            "[:else, 2, 12, 8, 12, 44]": 8
          },
          "[:unless, 3, 23, 10, 23, 62]": {
            "[:else, 4, 23, 10, 23, 62]": 8,
            "[:then, 5, 23, 10, 23, 49]": 2
          },
          "[:unless, 6, 31, 10, 31, 86]": {
            "[:else, 7, 31, 10, 31, 86]": 7,
            "[:then, 8, 31, 10, 31, 55]": 0
          }
        }
      },
      "/app/lib/operation_response.rb": {
        "lines": [
          null,
          null,
          1,
          1,
          17,
          null,
          12,
          null,
          null,
          1,
          13,
          null,
          null
        ],
        "branches": {
          "[:unless, 0, 5, 4, 5, 41]": {
            "[:else, 1, 5, 4, 5, 41]": 12,
            "[:then, 2, 5, 4, 5, 16]": 5
          }
        }
      },
      "/app/app/models/component.rb": {
        "lines": [
          null,
          null,
          1,
          1,
          null
        ],
        "branches": {
        }
      },
      "/app/app/models/word.rb": {
        "lines": [
          null,
          null,
          1,
          null
        ],
        "branches": {
        }
      },
      "/app/app/helpers/oauth_user.rb": {
        "lines": [
          null,
          null,
          1,
          1,
          1,
          null,
          null,
          1,
          null,
          1,
          1,
          null,
          0,
          0,
          null,
          null,
          1,
          0,
          0,
          0,
          0,
          0,
          0,
          null,
          0,
          null,
          null
        ],
        "branches": {
          "[:if, 0, 11, 4, 11, 57]": {
            "[:then, 1, 11, 4, 11, 14]": 1,
            "[:else, 2, 11, 4, 11, 57]": 0
          }
        }
      },
      "/app/app/controllers/api/projects/remixes_controller.rb": {
        "lines": [
          null,
          null,
          1,
          1,
          1,
          1,
          null,
          1,
          2,
          null,
          1,
          1,
          1,
          null,
          0,
          null,
          null,
          null,
          1,
          null,
          1,
          2,
          null,
          null,
          null,
          null
        ],
        "branches": {
          "[:if, 0, 11, 8, 16, 11]": {
            "[:then, 1, 12, 10, 13, 55]": 1,
            "[:else, 2, 15, 10, 15, 70]": 0
          }
        }
      },
      "/app/app/controllers/api_controller.rb": {
        "lines": [
          null,
          null,
          1,
          1,
          null,
          1,
          2,
          null,
          null,
          1,
          null,
          1,
          3,
          null,
          null,
          1,
          1,
          null,
          null
        ],
        "branches": {
          "[:unless, 0, 6, 2, 8, 5]": {
            "[:else, 1, 6, 2, 8, 5]": 0,
            "[:then, 2, 7, 4, 7, 68]": 1
          },
          "[:unless, 3, 13, 4, 13, 43]": {
            "[:else, 4, 13, 4, 13, 43]": 2,
            "[:then, 5, 13, 4, 13, 22]": 1
          }
        }
      },
      "/app/app/channels/application_cable/channel.rb": {
        "lines": [
          null,
          null,
          0,
          0,
          0,
          0
        ],
        "branches": {
        }
      },
      "/app/app/channels/application_cable/connection.rb": {
        "lines": [
          null,
          null,
          0,
          0,
          0,
          0
        ],
        "branches": {
        }
      },
      "/app/app/controllers/api/default_projects_controller.rb": {
        "lines": [
          null,
          null,
          0,
          0,
          0,
          null,
          0,
          0,
          0,
          0,
          0,
          0,
          0,
          0,
          null,
          0,
          0,
          0,
          null,
          0,
          0,
          0,
          null,
          0,
          0,
          0,
          0,
          0,
          null,
          0,
          0,
          null,
          0,
          null,
          0,
          0,
          0,
          null,
          0,
          0,
          0,
          0,
          0,
          0,
          0,
          0,
          0,
          null,
          0,
          0,
          0,
          0,
          0,
          null,
          0,
          0,
          0,
          0,
          0,
          0,
          0,
          0,
          0,
          0,
          0
        ],
        "branches": {
        }
      },
      "/app/app/controllers/api/projects/phrases_controller.rb": {
        "lines": [
          null,
          null,
          0,
          0,
          0,
          0,
          null,
          0,
          0,
          0,
          0,
          null,
          0,
          0,
          null,
          0,
          0,
          0,
          0,
          null,
          0,
          0,
          null,
          0,
          null,
          0,
          0,
          0,
          0,
          0,
          0
        ],
        "branches": {
        }
      },
      "/app/app/controllers/application_controller.rb": {
        "lines": [
          null,
          null,
          0,
          0
        ],
        "branches": {
        }
      },
      "/app/app/jobs/application_job.rb": {
        "lines": [
          null,
          null,
          0,
          null,
          null,
          null,
          null,
          null,
          0
        ],
        "branches": {
        }
      },
      "/app/app/mailers/application_mailer.rb": {
        "lines": [
          null,
          null,
          0,
          0,
          0,
          0
        ],
        "branches": {
        }
      }
    },
    "timestamp": 1646385145
  }
}
